<?xml version="1.0" encoding="UTF-8"?>
<!-- Generated by org.testng.reporters.JUnitReportReporter -->
<testsuite hostname="Desktop-Monitor-1st-Floor-Room3" failures="0" tests="1" name="com.tissolve.testscript.ChatsModule" time="0.007" errors="0" timestamp="2025-03-08T13:25:49 IST" skipped="0">
  <testcase classname="com.tissolve.testscript.ChatsModule" name="demo" time="0.007">
    <system-out>
      <![CDATA[Hi]]>
    </system-out>
  </testcase> <!-- demo -->
  <system-out>
    <![CDATA[Hi]]>
  </system-out>
</testsuite> <!-- com.tissolve.testscript.ChatsModule -->
