<?xml version="1.0" encoding="UTF-8"?>
<!-- Generated by org.testng.reporters.JUnitReportReporter -->
<testsuite hostname="Supriya" failures="0" tests="1" name="com.tissolve.testscript.ChatsModule" time="0.016" errors="0" timestamp="2025-03-09T11:32:01 IST" skipped="0">
  <testcase classname="com.tissolve.testscript.ChatsModule" name="demo" time="0.016">
    <system-out>
      <![CDATA[Hi]]>
    </system-out>
  </testcase> <!-- demo -->
  <system-out>
    <![CDATA[Hi]]>
  </system-out>
</testsuite> <!-- com.tissolve.testscript.ChatsModule -->
